mode: set
github.com/sufield/stave/internal/core/usecases/baseline.go:45.40,46.34 1 0
github.com/sufield/stave/internal/core/usecases/baseline.go:46.34,48.3 1 0
github.com/sufield/stave/internal/core/usecases/baseline.go:50.2,51.16 2 0
github.com/sufield/stave/internal/core/usecases/baseline.go:51.16,53.3 1 0
github.com/sufield/stave/internal/core/usecases/baseline.go:55.2,55.40 1 0
github.com/sufield/stave/internal/core/usecases/baseline.go:55.40,57.3 1 0
github.com/sufield/stave/internal/core/usecases/baseline.go:59.2,60.20 2 0
github.com/sufield/stave/internal/core/usecases/baseline.go:60.20,62.3 1 0
github.com/sufield/stave/internal/core/usecases/baseline.go:63.2,65.112 2 0
github.com/sufield/stave/internal/core/usecases/baseline.go:65.112,67.3 1 0
github.com/sufield/stave/internal/core/usecases/baseline.go:69.2,73.8 1 0
github.com/sufield/stave/internal/core/usecases/baseline.go:81.41,82.34 1 0
github.com/sufield/stave/internal/core/usecases/baseline.go:82.34,84.3 1 0
github.com/sufield/stave/internal/core/usecases/baseline.go:86.2,87.16 2 0
github.com/sufield/stave/internal/core/usecases/baseline.go:87.16,89.3 1 0
github.com/sufield/stave/internal/core/usecases/baseline.go:91.2,91.40 1 0
github.com/sufield/stave/internal/core/usecases/baseline.go:91.40,93.3 1 0
github.com/sufield/stave/internal/core/usecases/baseline.go:95.2,96.16 2 0
github.com/sufield/stave/internal/core/usecases/baseline.go:96.16,98.3 1 0
github.com/sufield/stave/internal/core/usecases/baseline.go:100.2,118.8 4 0
github.com/sufield/stave/internal/core/usecases/baseline.go:123.115,130.29 3 0
github.com/sufield/stave/internal/core/usecases/baseline.go:130.29,132.3 1 0
github.com/sufield/stave/internal/core/usecases/baseline.go:134.2,135.28 2 0
github.com/sufield/stave/internal/core/usecases/baseline.go:135.28,137.3 1 0
github.com/sufield/stave/internal/core/usecases/baseline.go:139.2,140.27 2 0
github.com/sufield/stave/internal/core/usecases/baseline.go:140.27,141.39 1 0
github.com/sufield/stave/internal/core/usecases/baseline.go:141.39,143.4 1 0
github.com/sufield/stave/internal/core/usecases/baseline.go:146.2,147.28 2 0
github.com/sufield/stave/internal/core/usecases/baseline.go:147.28,148.38 1 0
github.com/sufield/stave/internal/core/usecases/baseline.go:148.38,150.4 1 0
github.com/sufield/stave/internal/core/usecases/baseline.go:153.2,153.30 1 0
github.com/sufield/stave/internal/core/usecases/bug_report.go:25.37,26.34 1 0
github.com/sufield/stave/internal/core/usecases/bug_report.go:26.34,28.3 1 0
github.com/sufield/stave/internal/core/usecases/bug_report.go:30.2,30.23 1 0
github.com/sufield/stave/internal/core/usecases/bug_report.go:30.23,32.3 1 0
github.com/sufield/stave/internal/core/usecases/bug_report.go:34.2,35.16 2 0
github.com/sufield/stave/internal/core/usecases/bug_report.go:35.16,37.3 1 0
github.com/sufield/stave/internal/core/usecases/bug_report.go:39.2,42.8 1 0
github.com/sufield/stave/internal/core/usecases/cidiff.go:28.34,29.34 1 0
github.com/sufield/stave/internal/core/usecases/cidiff.go:29.34,31.3 1 0
github.com/sufield/stave/internal/core/usecases/cidiff.go:33.2,34.16 2 0
github.com/sufield/stave/internal/core/usecases/cidiff.go:34.16,36.3 1 0
github.com/sufield/stave/internal/core/usecases/cidiff.go:38.2,38.40 1 0
github.com/sufield/stave/internal/core/usecases/cidiff.go:38.40,40.3 1 0
github.com/sufield/stave/internal/core/usecases/cidiff.go:42.2,43.16 2 0
github.com/sufield/stave/internal/core/usecases/cidiff.go:43.16,45.3 1 0
github.com/sufield/stave/internal/core/usecases/cidiff.go:47.2,63.8 3 0
github.com/sufield/stave/internal/core/usecases/config_show.go:25.38,26.34 1 0
github.com/sufield/stave/internal/core/usecases/config_show.go:26.34,28.3 1 0
github.com/sufield/stave/internal/core/usecases/config_show.go:30.2,31.16 2 0
github.com/sufield/stave/internal/core/usecases/config_show.go:31.16,33.3 1 0
github.com/sufield/stave/internal/core/usecases/config_show.go:35.2,35.57 1 0
github.com/sufield/stave/internal/core/usecases/controls_list.go:25.40,26.34 1 0
github.com/sufield/stave/internal/core/usecases/controls_list.go:26.34,28.3 1 0
github.com/sufield/stave/internal/core/usecases/controls_list.go:30.2,31.16 2 0
github.com/sufield/stave/internal/core/usecases/controls_list.go:31.16,33.3 1 0
github.com/sufield/stave/internal/core/usecases/controls_list.go:35.2,35.57 1 0
github.com/sufield/stave/internal/core/usecases/diagnose.go:31.36,32.34 1 0
github.com/sufield/stave/internal/core/usecases/diagnose.go:32.34,34.3 1 0
github.com/sufield/stave/internal/core/usecases/diagnose.go:37.2,37.46 1 0
github.com/sufield/stave/internal/core/usecases/diagnose.go:37.46,38.31 1 0
github.com/sufield/stave/internal/core/usecases/diagnose.go:38.31,40.4 1 0
github.com/sufield/stave/internal/core/usecases/diagnose.go:41.3,42.17 2 0
github.com/sufield/stave/internal/core/usecases/diagnose.go:42.17,44.4 1 0
github.com/sufield/stave/internal/core/usecases/diagnose.go:45.3,45.76 1 0
github.com/sufield/stave/internal/core/usecases/diagnose.go:49.2,50.16 2 0
github.com/sufield/stave/internal/core/usecases/diagnose.go:50.16,52.3 1 0
github.com/sufield/stave/internal/core/usecases/diagnose.go:53.2,53.55 1 0
github.com/sufield/stave/internal/core/usecases/doctor.go:25.34,26.34 1 0
github.com/sufield/stave/internal/core/usecases/doctor.go:26.34,28.3 1 0
github.com/sufield/stave/internal/core/usecases/doctor.go:30.2,31.16 2 0
github.com/sufield/stave/internal/core/usecases/doctor.go:31.16,33.3 1 0
github.com/sufield/stave/internal/core/usecases/doctor.go:35.2,38.8 1 0
github.com/sufield/stave/internal/core/usecases/enforce.go:25.35,26.34 1 0
github.com/sufield/stave/internal/core/usecases/enforce.go:26.34,28.3 1 0
github.com/sufield/stave/internal/core/usecases/enforce.go:30.2,31.16 2 0
github.com/sufield/stave/internal/core/usecases/enforce.go:31.16,33.3 1 0
github.com/sufield/stave/internal/core/usecases/enforce.go:35.2,39.8 1 0
github.com/sufield/stave/internal/core/usecases/explain.go:25.35,26.34 1 0
github.com/sufield/stave/internal/core/usecases/explain.go:26.34,28.3 1 0
github.com/sufield/stave/internal/core/usecases/explain.go:30.2,30.25 1 0
github.com/sufield/stave/internal/core/usecases/explain.go:30.25,32.3 1 0
github.com/sufield/stave/internal/core/usecases/explain.go:34.2,35.16 2 0
github.com/sufield/stave/internal/core/usecases/explain.go:35.16,37.3 1 0
github.com/sufield/stave/internal/core/usecases/explain.go:39.2,39.18 1 0
github.com/sufield/stave/internal/core/usecases/fix.go:25.31,26.34 1 0
github.com/sufield/stave/internal/core/usecases/fix.go:26.34,28.3 1 0
github.com/sufield/stave/internal/core/usecases/fix.go:30.2,30.26 1 0
github.com/sufield/stave/internal/core/usecases/fix.go:30.26,32.3 1 0
github.com/sufield/stave/internal/core/usecases/fix.go:34.2,35.16 2 0
github.com/sufield/stave/internal/core/usecases/fix.go:35.16,37.3 1 0
github.com/sufield/stave/internal/core/usecases/fix.go:39.2,39.44 1 0
github.com/sufield/stave/internal/core/usecases/fmt.go:25.31,26.34 1 0
github.com/sufield/stave/internal/core/usecases/fmt.go:26.34,28.3 1 0
github.com/sufield/stave/internal/core/usecases/fmt.go:30.2,30.22 1 0
github.com/sufield/stave/internal/core/usecases/fmt.go:30.22,32.3 1 0
github.com/sufield/stave/internal/core/usecases/fmt.go:34.2,35.16 2 0
github.com/sufield/stave/internal/core/usecases/fmt.go:35.16,37.3 1 0
github.com/sufield/stave/internal/core/usecases/fmt.go:39.2,42.8 1 0
github.com/sufield/stave/internal/core/usecases/gate.go:45.32,46.34 1 0
github.com/sufield/stave/internal/core/usecases/gate.go:46.34,48.3 1 0
github.com/sufield/stave/internal/core/usecases/gate.go:50.2,51.20 2 0
github.com/sufield/stave/internal/core/usecases/gate.go:51.20,53.3 1 0
github.com/sufield/stave/internal/core/usecases/gate.go:55.2,55.20 1 0
github.com/sufield/stave/internal/core/usecases/gate.go:56.21,57.38 1 0
github.com/sufield/stave/internal/core/usecases/gate.go:58.21,59.38 1 0
github.com/sufield/stave/internal/core/usecases/gate.go:60.25,61.42 1 0
github.com/sufield/stave/internal/core/usecases/gate.go:62.10,63.86 1 0
github.com/sufield/stave/internal/core/usecases/gate.go:67.118,69.16 2 0
github.com/sufield/stave/internal/core/usecases/gate.go:69.16,71.3 1 0
github.com/sufield/stave/internal/core/usecases/gate.go:73.2,75.10 3 0
github.com/sufield/stave/internal/core/usecases/gate.go:75.10,77.3 1 0
github.com/sufield/stave/internal/core/usecases/gate.go:79.2,86.8 1 0
github.com/sufield/stave/internal/core/usecases/gate.go:89.118,91.16 2 0
github.com/sufield/stave/internal/core/usecases/gate.go:91.16,93.3 1 0
github.com/sufield/stave/internal/core/usecases/gate.go:95.2,97.10 3 0
github.com/sufield/stave/internal/core/usecases/gate.go:97.10,99.3 1 0
github.com/sufield/stave/internal/core/usecases/gate.go:101.2,110.8 1 0
github.com/sufield/stave/internal/core/usecases/gate.go:113.122,115.16 2 0
github.com/sufield/stave/internal/core/usecases/gate.go:115.16,117.3 1 0
github.com/sufield/stave/internal/core/usecases/gate.go:119.2,121.10 3 0
github.com/sufield/stave/internal/core/usecases/gate.go:121.10,123.3 1 0
github.com/sufield/stave/internal/core/usecases/gate.go:125.2,133.8 1 0
github.com/sufield/stave/internal/core/usecases/generate_control.go:25.43,26.34 1 0
github.com/sufield/stave/internal/core/usecases/generate_control.go:26.34,28.3 1 0
github.com/sufield/stave/internal/core/usecases/generate_control.go:30.2,30.20 1 0
github.com/sufield/stave/internal/core/usecases/generate_control.go:30.20,32.3 1 0
github.com/sufield/stave/internal/core/usecases/generate_control.go:34.2,35.16 2 0
github.com/sufield/stave/internal/core/usecases/generate_control.go:35.16,37.3 1 0
github.com/sufield/stave/internal/core/usecases/generate_control.go:39.2,39.68 1 0
github.com/sufield/stave/internal/core/usecases/graph_coverage.go:25.41,26.34 1 0
github.com/sufield/stave/internal/core/usecases/graph_coverage.go:26.34,28.3 1 0
github.com/sufield/stave/internal/core/usecases/graph_coverage.go:30.2,31.16 2 0
github.com/sufield/stave/internal/core/usecases/graph_coverage.go:31.16,33.3 1 0
github.com/sufield/stave/internal/core/usecases/graph_coverage.go:35.2,35.59 1 0
github.com/sufield/stave/internal/core/usecases/init_project.go:25.39,26.34 1 0
github.com/sufield/stave/internal/core/usecases/init_project.go:26.34,28.3 1 0
github.com/sufield/stave/internal/core/usecases/init_project.go:30.2,30.19 1 0
github.com/sufield/stave/internal/core/usecases/init_project.go:30.19,32.3 1 0
github.com/sufield/stave/internal/core/usecases/init_project.go:34.2,34.50 1 0
github.com/sufield/stave/internal/core/usecases/init_project.go:34.50,36.3 1 0
github.com/sufield/stave/internal/core/usecases/init_project.go:38.2,38.97 1 0
github.com/sufield/stave/internal/core/usecases/init_project.go:38.97,40.3 1 0
github.com/sufield/stave/internal/core/usecases/init_project.go:42.2,43.16 2 0
github.com/sufield/stave/internal/core/usecases/init_project.go:43.16,45.3 1 0
github.com/sufield/stave/internal/core/usecases/init_project.go:47.2,47.18 1 0
github.com/sufield/stave/internal/core/usecases/inspect_acl.go:31.38,32.34 1 0
github.com/sufield/stave/internal/core/usecases/inspect_acl.go:32.34,34.3 1 0
github.com/sufield/stave/internal/core/usecases/inspect_acl.go:36.2,37.24 2 0
github.com/sufield/stave/internal/core/usecases/inspect_acl.go:37.24,39.17 2 0
github.com/sufield/stave/internal/core/usecases/inspect_acl.go:39.17,41.4 1 0
github.com/sufield/stave/internal/core/usecases/inspect_acl.go:42.3,42.15 1 0
github.com/sufield/stave/internal/core/usecases/inspect_acl.go:43.8,43.35 1 0
github.com/sufield/stave/internal/core/usecases/inspect_acl.go:43.35,45.3 1 0
github.com/sufield/stave/internal/core/usecases/inspect_acl.go:45.8,47.3 1 0
github.com/sufield/stave/internal/core/usecases/inspect_acl.go:49.2,50.16 2 0
github.com/sufield/stave/internal/core/usecases/inspect_acl.go:50.16,52.3 1 0
github.com/sufield/stave/internal/core/usecases/inspect_acl.go:54.2,54.18 1 0
github.com/sufield/stave/internal/core/usecases/inspect_aliases.go:25.42,26.34 1 1
github.com/sufield/stave/internal/core/usecases/inspect_aliases.go:26.34,28.3 1 1
github.com/sufield/stave/internal/core/usecases/inspect_aliases.go:30.2,31.16 2 1
github.com/sufield/stave/internal/core/usecases/inspect_aliases.go:31.16,33.3 1 1
github.com/sufield/stave/internal/core/usecases/inspect_aliases.go:35.2,35.18 1 1
github.com/sufield/stave/internal/core/usecases/inspect_compliance.go:31.45,32.34 1 0
github.com/sufield/stave/internal/core/usecases/inspect_compliance.go:32.34,34.3 1 0
github.com/sufield/stave/internal/core/usecases/inspect_compliance.go:36.2,37.24 2 0
github.com/sufield/stave/internal/core/usecases/inspect_compliance.go:37.24,39.17 2 0
github.com/sufield/stave/internal/core/usecases/inspect_compliance.go:39.17,41.4 1 0
github.com/sufield/stave/internal/core/usecases/inspect_compliance.go:42.3,42.15 1 0
github.com/sufield/stave/internal/core/usecases/inspect_compliance.go:43.8,43.35 1 0
github.com/sufield/stave/internal/core/usecases/inspect_compliance.go:43.35,45.3 1 0
github.com/sufield/stave/internal/core/usecases/inspect_compliance.go:45.8,47.3 1 0
github.com/sufield/stave/internal/core/usecases/inspect_compliance.go:49.2,50.16 2 0
github.com/sufield/stave/internal/core/usecases/inspect_compliance.go:50.16,52.3 1 0
github.com/sufield/stave/internal/core/usecases/inspect_compliance.go:54.2,54.18 1 0
github.com/sufield/stave/internal/core/usecases/inspect_exposure.go:31.43,32.34 1 0
github.com/sufield/stave/internal/core/usecases/inspect_exposure.go:32.34,34.3 1 0
github.com/sufield/stave/internal/core/usecases/inspect_exposure.go:36.2,37.24 2 0
github.com/sufield/stave/internal/core/usecases/inspect_exposure.go:37.24,39.17 2 0
github.com/sufield/stave/internal/core/usecases/inspect_exposure.go:39.17,41.4 1 0
github.com/sufield/stave/internal/core/usecases/inspect_exposure.go:42.3,42.15 1 0
github.com/sufield/stave/internal/core/usecases/inspect_exposure.go:43.8,43.35 1 0
github.com/sufield/stave/internal/core/usecases/inspect_exposure.go:43.35,45.3 1 0
github.com/sufield/stave/internal/core/usecases/inspect_exposure.go:45.8,47.3 1 0
github.com/sufield/stave/internal/core/usecases/inspect_exposure.go:49.2,50.16 2 0
github.com/sufield/stave/internal/core/usecases/inspect_exposure.go:50.16,52.3 1 0
github.com/sufield/stave/internal/core/usecases/inspect_exposure.go:54.2,54.18 1 0
github.com/sufield/stave/internal/core/usecases/inspect_policy.go:31.41,32.34 1 0
github.com/sufield/stave/internal/core/usecases/inspect_policy.go:32.34,34.3 1 0
github.com/sufield/stave/internal/core/usecases/inspect_policy.go:36.2,37.24 2 0
github.com/sufield/stave/internal/core/usecases/inspect_policy.go:37.24,39.17 2 0
github.com/sufield/stave/internal/core/usecases/inspect_policy.go:39.17,41.4 1 0
github.com/sufield/stave/internal/core/usecases/inspect_policy.go:42.3,42.15 1 0
github.com/sufield/stave/internal/core/usecases/inspect_policy.go:43.8,43.35 1 0
github.com/sufield/stave/internal/core/usecases/inspect_policy.go:43.35,45.3 1 0
github.com/sufield/stave/internal/core/usecases/inspect_policy.go:45.8,47.3 1 0
github.com/sufield/stave/internal/core/usecases/inspect_policy.go:49.2,50.16 2 0
github.com/sufield/stave/internal/core/usecases/inspect_policy.go:50.16,52.3 1 0
github.com/sufield/stave/internal/core/usecases/inspect_policy.go:54.2,54.18 1 0
github.com/sufield/stave/internal/core/usecases/inspect_risk.go:31.39,32.34 1 0
github.com/sufield/stave/internal/core/usecases/inspect_risk.go:32.34,34.3 1 0
github.com/sufield/stave/internal/core/usecases/inspect_risk.go:36.2,37.24 2 0
github.com/sufield/stave/internal/core/usecases/inspect_risk.go:37.24,39.17 2 0
github.com/sufield/stave/internal/core/usecases/inspect_risk.go:39.17,41.4 1 0
github.com/sufield/stave/internal/core/usecases/inspect_risk.go:42.3,42.15 1 0
github.com/sufield/stave/internal/core/usecases/inspect_risk.go:43.8,43.35 1 0
github.com/sufield/stave/internal/core/usecases/inspect_risk.go:43.35,45.3 1 0
github.com/sufield/stave/internal/core/usecases/inspect_risk.go:45.8,47.3 1 0
github.com/sufield/stave/internal/core/usecases/inspect_risk.go:49.2,50.16 2 0
github.com/sufield/stave/internal/core/usecases/inspect_risk.go:50.16,52.3 1 0
github.com/sufield/stave/internal/core/usecases/inspect_risk.go:54.2,54.18 1 0
github.com/sufield/stave/internal/core/usecases/lint.go:25.32,26.34 1 0
github.com/sufield/stave/internal/core/usecases/lint.go:26.34,28.3 1 0
github.com/sufield/stave/internal/core/usecases/lint.go:30.2,30.22 1 0
github.com/sufield/stave/internal/core/usecases/lint.go:30.22,32.3 1 0
github.com/sufield/stave/internal/core/usecases/lint.go:34.2,35.16 2 0
github.com/sufield/stave/internal/core/usecases/lint.go:35.16,37.3 1 0
github.com/sufield/stave/internal/core/usecases/lint.go:39.2,42.8 1 0
github.com/sufield/stave/internal/core/usecases/report.go:25.34,26.34 1 0
github.com/sufield/stave/internal/core/usecases/report.go:26.34,28.3 1 0
github.com/sufield/stave/internal/core/usecases/report.go:30.2,31.16 2 0
github.com/sufield/stave/internal/core/usecases/report.go:31.16,33.3 1 0
github.com/sufield/stave/internal/core/usecases/report.go:35.2,35.57 1 0
github.com/sufield/stave/internal/core/usecases/security_audit.go:25.41,26.34 1 0
github.com/sufield/stave/internal/core/usecases/security_audit.go:26.34,28.3 1 0
github.com/sufield/stave/internal/core/usecases/security_audit.go:30.2,31.16 2 0
github.com/sufield/stave/internal/core/usecases/security_audit.go:31.16,33.3 1 0
github.com/sufield/stave/internal/core/usecases/security_audit.go:35.2,39.8 1 0
github.com/sufield/stave/internal/core/usecases/snapshot_diff.go:26.40,27.34 1 0
github.com/sufield/stave/internal/core/usecases/snapshot_diff.go:27.34,29.3 1 0
github.com/sufield/stave/internal/core/usecases/snapshot_diff.go:31.2,32.16 2 0
github.com/sufield/stave/internal/core/usecases/snapshot_diff.go:32.16,34.3 1 0
github.com/sufield/stave/internal/core/usecases/snapshot_diff.go:36.2,36.59 1 0
github.com/sufield/stave/internal/core/usecases/snapshot_upcoming.go:25.44,26.34 1 0
github.com/sufield/stave/internal/core/usecases/snapshot_upcoming.go:26.34,28.3 1 0
github.com/sufield/stave/internal/core/usecases/snapshot_upcoming.go:30.2,31.16 2 0
github.com/sufield/stave/internal/core/usecases/snapshot_upcoming.go:31.16,33.3 1 0
github.com/sufield/stave/internal/core/usecases/snapshot_upcoming.go:35.2,35.62 1 0
github.com/sufield/stave/internal/core/usecases/status.go:25.34,26.34 1 0
github.com/sufield/stave/internal/core/usecases/status.go:26.34,28.3 1 0
github.com/sufield/stave/internal/core/usecases/status.go:30.2,31.16 2 0
github.com/sufield/stave/internal/core/usecases/status.go:31.16,33.3 1 0
github.com/sufield/stave/internal/core/usecases/status.go:35.2,38.8 1 0
github.com/sufield/stave/internal/core/usecases/trace.go:25.33,26.34 1 0
github.com/sufield/stave/internal/core/usecases/trace.go:26.34,28.3 1 0
github.com/sufield/stave/internal/core/usecases/trace.go:30.2,30.25 1 0
github.com/sufield/stave/internal/core/usecases/trace.go:30.25,32.3 1 0
github.com/sufield/stave/internal/core/usecases/trace.go:33.2,33.23 1 0
github.com/sufield/stave/internal/core/usecases/trace.go:33.23,35.3 1 0
github.com/sufield/stave/internal/core/usecases/trace.go:37.2,38.16 2 0
github.com/sufield/stave/internal/core/usecases/trace.go:38.16,40.3 1 0
github.com/sufield/stave/internal/core/usecases/trace.go:42.2,42.51 1 0
github.com/sufield/stave/internal/core/usecases/validate.go:32.36,33.34 1 0
github.com/sufield/stave/internal/core/usecases/validate.go:33.34,35.3 1 0
github.com/sufield/stave/internal/core/usecases/validate.go:37.2,37.25 1 0
github.com/sufield/stave/internal/core/usecases/validate.go:37.25,38.32 1 0
github.com/sufield/stave/internal/core/usecases/validate.go:38.32,40.4 1 0
github.com/sufield/stave/internal/core/usecases/validate.go:41.3,42.17 2 0
github.com/sufield/stave/internal/core/usecases/validate.go:42.17,44.4 1 0
github.com/sufield/stave/internal/core/usecases/validate.go:45.3,45.19 1 0
github.com/sufield/stave/internal/core/usecases/validate.go:48.2,48.34 1 0
github.com/sufield/stave/internal/core/usecases/validate.go:48.34,50.3 1 0
github.com/sufield/stave/internal/core/usecases/validate.go:51.2,52.16 2 0
github.com/sufield/stave/internal/core/usecases/validate.go:52.16,54.3 1 0
github.com/sufield/stave/internal/core/usecases/validate.go:55.2,55.18 1 0
